<?xml version="1.0" encoding="UTF-8"?>
<!-- Generated by org.testng.reporters.JUnitReportReporter -->
<testsuite hostname="DESKTOP-DKDRSK0" failures="0" tests="1" name="com.comcast.crm.contacttest.sampleexcel" time="7.351" errors="0" timestamp="2025-09-27T16:14:16 IST" skipped="0">
  <testcase classname="com.comcast.crm.contacttest.sampleexcel" name="sample" time="7.351"/>
  <system-out/>
</testsuite> <!-- com.comcast.crm.contacttest.sampleexcel -->
