<?xml version="1.0" encoding="UTF-8"?>
<!-- Generated by org.testng.reporters.JUnitReportReporter -->
<testsuite hostname="DESKTOP-DKDRSK0" failures="0" tests="3" name="ExtentReportsSample.SampleExtentReportTest" time="0.053" errors="0" timestamp="2025-10-06T15:13:00 IST" skipped="0">
  <testcase classname="ExtentReportsSample.SampleExtentReportTest" name="tc2" time="0.014"/>
  <system-out/>
  <testcase classname="ExtentReportsSample.SampleExtentReportTest" name="tc3" time="0.012"/>
  <system-out/>
  <testcase classname="ExtentReportsSample.SampleExtentReportTest" name="tc1" time="0.027"/>
  <system-out/>
</testsuite> <!-- ExtentReportsSample.SampleExtentReportTest -->
