<?xml version="1.0" encoding="UTF-8"?>
<!-- Generated by org.testng.reporters.JUnitReportReporter -->
<testsuite hostname="DESKTOP-DKDRSK0" failures="0" tests="2" name="com.crm.generic.baseclassutility.CreateOrgTest" time="0.018" errors="0" timestamp="2025-09-30T12:23:14 IST" skipped="0">
  <testcase classname="com.crm.generic.baseclassutility.CreateOrgTest" name="createorg_withindustry" time="0.004"/>
  <system-out/>
  <testcase classname="com.crm.generic.baseclassutility.CreateOrgTest" name="createOrg" time="0.014"/>
  <system-out/>
</testsuite> <!-- com.crm.generic.baseclassutility.CreateOrgTest -->
